[2020-08-25 09:28:14.379] [cmiMock] [restartedMain] [] [INFO] e.r.p.CmiMockServiceApplication - Starting CmiMockServiceApplication on Bolt with PID 16416 (C:\Users\user\eclipse-workspace\CMIMock\target\classes started by EL KOTB ZAKARIA in C:\Users\user\eclipse-workspace\CMIMock)
[2020-08-25 09:28:14.386] [cmiMock] [restartedMain] [] [DEBUG] e.r.p.CmiMockServiceApplication - Running with Spring Boot v2.3.2.RELEASE, Spring v5.2.8.RELEASE
[2020-08-25 09:28:14.386] [cmiMock] [restartedMain] [] [INFO] e.r.p.CmiMockServiceApplication - No active profile set, falling back to default profiles: default
[2020-08-25 09:28:14.448] [cmiMock] [restartedMain] [] [INFO] o.s.b.d.e.DevToolsPropertyDefaultsPostProcessor - Devtools property defaults active! Set 'spring.devtools.add-properties' to 'false' to disable
[2020-08-25 09:28:14.448] [cmiMock] [restartedMain] [] [INFO] o.s.b.d.e.DevToolsPropertyDefaultsPostProcessor - For additional web related logging consider setting the 'logging.level.web' property to 'DEBUG'
[2020-08-25 09:28:16.098] [cmiMock] [restartedMain] [] [INFO] o.s.d.r.c.RepositoryConfigurationDelegate - Bootstrapping Spring Data JPA repositories in DEFERRED mode.
[2020-08-25 09:28:16.195] [cmiMock] [restartedMain] [] [INFO] o.s.d.r.c.RepositoryConfigurationDelegate - Finished Spring Data repository scanning in 89ms. Found 2 JPA repository interfaces.
[2020-08-25 09:28:16.869] [cmiMock] [restartedMain] [] [INFO] o.s.b.w.e.tomcat.TomcatWebServer - Tomcat initialized with port(s): 9000 (http)
[2020-08-25 09:28:16.878] [cmiMock] [restartedMain] [] [INFO] o.a.coyote.http11.Http11NioProtocol - Initializing ProtocolHandler ["http-nio-9000"]
[2020-08-25 09:28:16.879] [cmiMock] [restartedMain] [] [INFO] o.a.catalina.core.StandardService - Starting service [Tomcat]
[2020-08-25 09:28:16.880] [cmiMock] [restartedMain] [] [INFO] o.a.catalina.core.StandardEngine - Starting Servlet engine: [Apache Tomcat/9.0.37]
[2020-08-25 09:28:17.001] [cmiMock] [restartedMain] [] [INFO] o.a.c.c.C.[Tomcat].[localhost].[/] - Initializing Spring embedded WebApplicationContext
[2020-08-25 09:28:17.001] [cmiMock] [restartedMain] [] [INFO] o.s.b.w.s.c.ServletWebServerApplicationContext - Root WebApplicationContext: initialization completed in 2553 ms
[2020-08-25 09:28:17.149] [cmiMock] [restartedMain] [] [INFO] com.zaxxer.hikari.HikariDataSource - HikariPool-1 - Starting...
[2020-08-25 09:28:17.352] [cmiMock] [restartedMain] [] [INFO] com.zaxxer.hikari.HikariDataSource - HikariPool-1 - Start completed.
[2020-08-25 09:28:17.362] [cmiMock] [restartedMain] [] [INFO] o.s.b.a.h.H2ConsoleAutoConfiguration - H2 console available at '/h2-console'. Database available at 'jdbc:postgresql://localhost:5432/cmi'
[2020-08-25 09:28:17.716] [cmiMock] [restartedMain] [] [INFO] o.s.s.c.ThreadPoolTaskExecutor - Initializing ExecutorService 'applicationTaskExecutor'
[2020-08-25 09:28:17.815] [cmiMock] [task-1] [] [INFO] o.h.jpa.internal.util.LogHelper - HHH000204: Processing PersistenceUnitInfo [name: default]
[2020-08-25 09:28:17.914] [cmiMock] [restartedMain] [] [WARN] o.s.b.a.o.j.JpaBaseConfiguration$JpaWebConfiguration - spring.jpa.open-in-view is enabled by default. Therefore, database queries may be performed during view rendering. Explicitly configure spring.jpa.open-in-view to disable this warning
[2020-08-25 09:28:17.920] [cmiMock] [task-1] [] [INFO] org.hibernate.Version - HHH000412: Hibernate ORM core version 5.4.18.Final
[2020-08-25 09:28:18.195] [cmiMock] [task-1] [] [INFO] o.h.annotations.common.Version - HCANN000001: Hibernate Commons Annotations {5.1.0.Final}
[2020-08-25 09:28:18.408] [cmiMock] [task-1] [] [INFO] org.hibernate.dialect.Dialect - HHH000400: Using dialect: org.hibernate.dialect.PostgreSQLDialect
[2020-08-25 09:28:19.257] [cmiMock] [task-1] [] [INFO] o.h.t.s.internal.SchemaCreatorImpl - HHH000476: Executing import script 'file:/C:/Users/user/eclipse-workspace/CMIMock/target/classes/import.sql'
[2020-08-25 09:28:19.296] [cmiMock] [task-1] [] [INFO] o.h.e.t.j.p.i.JtaPlatformInitiator - HHH000490: Using JtaPlatform implementation: [org.hibernate.engine.transaction.jta.platform.internal.NoJtaPlatform]
[2020-08-25 09:28:19.303] [cmiMock] [task-1] [] [INFO] o.s.o.j.LocalContainerEntityManagerFactoryBean - Initialized JPA EntityManagerFactory for persistence unit 'default'
[2020-08-25 09:28:19.322] [cmiMock] [task-2] [] [INFO] o.s.b.d.a.OptionalLiveReloadServer - LiveReload server is running on port 35729
[2020-08-25 09:28:19.387] [cmiMock] [restartedMain] [] [INFO] o.s.b.a.e.web.EndpointLinksResolver - Exposing 2 endpoint(s) beneath base path '/actuator'
[2020-08-25 09:28:19.419] [cmiMock] [restartedMain] [] [INFO] o.a.coyote.http11.Http11NioProtocol - Starting ProtocolHandler ["http-nio-9000"]
[2020-08-25 09:28:19.471] [cmiMock] [restartedMain] [] [INFO] o.s.b.w.e.tomcat.TomcatWebServer - Tomcat started on port(s): 9000 (http) with context path ''
[2020-08-25 09:28:19.473] [cmiMock] [restartedMain] [] [INFO] o.s.d.r.c.DeferredRepositoryInitializationListener - Triggering deferred initialization of Spring Data repositories…
[2020-08-25 09:28:19.789] [cmiMock] [restartedMain] [] [INFO] o.s.d.r.c.DeferredRepositoryInitializationListener - Spring Data repositories initialized!
[2020-08-25 09:28:19.807] [cmiMock] [restartedMain] [] [INFO] e.r.p.CmiMockServiceApplication - Started CmiMockServiceApplication in 6.209 seconds (JVM running for 8.895)
[2020-08-25 09:28:42.801] [cmiMock] [http-nio-9000-exec-2] [] [INFO] o.a.c.c.C.[Tomcat].[localhost].[/] - Initializing Spring DispatcherServlet 'dispatcherServlet'
[2020-08-25 09:28:42.802] [cmiMock] [http-nio-9000-exec-2] [] [INFO] o.s.web.servlet.DispatcherServlet - Initializing Servlet 'dispatcherServlet'
[2020-08-25 09:28:42.811] [cmiMock] [http-nio-9000-exec-2] [] [INFO] o.s.web.servlet.DispatcherServlet - Completed initialization in 9 ms
[2020-08-25 09:29:10.183] [cmiMock] [Thread-5] [] [INFO] o.s.o.j.LocalContainerEntityManagerFactoryBean - Closing JPA EntityManagerFactory for persistence unit 'default'
[2020-08-25 09:29:10.186] [cmiMock] [Thread-5] [] [INFO] o.s.s.c.ThreadPoolTaskExecutor - Shutting down ExecutorService 'applicationTaskExecutor'
[2020-08-25 09:29:10.189] [cmiMock] [Thread-5] [] [INFO] com.zaxxer.hikari.HikariDataSource - HikariPool-1 - Shutdown initiated...
[2020-08-25 09:29:10.197] [cmiMock] [Thread-5] [] [INFO] com.zaxxer.hikari.HikariDataSource - HikariPool-1 - Shutdown completed.
[2020-08-25 09:29:10.370] [cmiMock] [restartedMain] [] [INFO] e.r.p.CmiMockServiceApplication - Starting CmiMockServiceApplication on Bolt with PID 16416 (C:\Users\user\eclipse-workspace\CMIMock\target\classes started by EL KOTB ZAKARIA in C:\Users\user\eclipse-workspace\CMIMock)
[2020-08-25 09:29:10.371] [cmiMock] [restartedMain] [] [DEBUG] e.r.p.CmiMockServiceApplication - Running with Spring Boot v2.3.2.RELEASE, Spring v5.2.8.RELEASE
[2020-08-25 09:29:10.371] [cmiMock] [restartedMain] [] [INFO] e.r.p.CmiMockServiceApplication - No active profile set, falling back to default profiles: default
[2020-08-25 09:29:10.790] [cmiMock] [restartedMain] [] [INFO] o.s.d.r.c.RepositoryConfigurationDelegate - Bootstrapping Spring Data JPA repositories in DEFERRED mode.
[2020-08-25 09:29:10.831] [cmiMock] [restartedMain] [] [INFO] o.s.d.r.c.RepositoryConfigurationDelegate - Finished Spring Data repository scanning in 40ms. Found 2 JPA repository interfaces.
[2020-08-25 09:29:10.950] [cmiMock] [restartedMain] [] [INFO] o.s.b.w.e.tomcat.TomcatWebServer - Tomcat initialized with port(s): 9000 (http)
[2020-08-25 09:29:10.950] [cmiMock] [restartedMain] [] [INFO] o.a.coyote.http11.Http11NioProtocol - Initializing ProtocolHandler ["http-nio-9000"]
[2020-08-25 09:29:10.951] [cmiMock] [restartedMain] [] [INFO] o.a.catalina.core.StandardService - Starting service [Tomcat]
[2020-08-25 09:29:10.951] [cmiMock] [restartedMain] [] [INFO] o.a.catalina.core.StandardEngine - Starting Servlet engine: [Apache Tomcat/9.0.37]
[2020-08-25 09:29:10.998] [cmiMock] [restartedMain] [] [INFO] o.a.c.c.C.[Tomcat].[localhost].[/] - Initializing Spring embedded WebApplicationContext
[2020-08-25 09:29:10.998] [cmiMock] [restartedMain] [] [INFO] o.s.b.w.s.c.ServletWebServerApplicationContext - Root WebApplicationContext: initialization completed in 623 ms
[2020-08-25 09:29:11.048] [cmiMock] [restartedMain] [] [INFO] com.zaxxer.hikari.HikariDataSource - HikariPool-2 - Starting...
[2020-08-25 09:29:11.125] [cmiMock] [restartedMain] [] [INFO] com.zaxxer.hikari.HikariDataSource - HikariPool-2 - Start completed.
[2020-08-25 09:29:11.125] [cmiMock] [restartedMain] [] [INFO] o.s.b.a.h.H2ConsoleAutoConfiguration - H2 console available at '/h2-console'. Database available at 'jdbc:postgresql://localhost:5432/cmi'
[2020-08-25 09:29:11.176] [cmiMock] [restartedMain] [] [INFO] o.s.s.c.ThreadPoolTaskExecutor - Initializing ExecutorService 'applicationTaskExecutor'
[2020-08-25 09:29:11.202] [cmiMock] [task-1] [] [INFO] o.h.jpa.internal.util.LogHelper - HHH000204: Processing PersistenceUnitInfo [name: default]
[2020-08-25 09:29:11.214] [cmiMock] [task-1] [] [INFO] org.hibernate.dialect.Dialect - HHH000400: Using dialect: org.hibernate.dialect.PostgreSQLDialect
[2020-08-25 09:29:11.246] [cmiMock] [restartedMain] [] [WARN] o.s.b.a.o.j.JpaBaseConfiguration$JpaWebConfiguration - spring.jpa.open-in-view is enabled by default. Therefore, database queries may be performed during view rendering. Explicitly configure spring.jpa.open-in-view to disable this warning
[2020-08-25 09:29:11.461] [cmiMock] [task-1] [] [INFO] o.h.t.s.internal.SchemaCreatorImpl - HHH000476: Executing import script 'file:/C:/Users/user/eclipse-workspace/CMIMock/target/classes/import.sql'
[2020-08-25 09:29:11.505] [cmiMock] [task-1] [] [INFO] o.h.e.t.j.p.i.JtaPlatformInitiator - HHH000490: Using JtaPlatform implementation: [org.hibernate.engine.transaction.jta.platform.internal.NoJtaPlatform]
[2020-08-25 09:29:11.506] [cmiMock] [task-1] [] [INFO] o.s.o.j.LocalContainerEntityManagerFactoryBean - Initialized JPA EntityManagerFactory for persistence unit 'default'
[2020-08-25 09:29:11.540] [cmiMock] [task-2] [] [INFO] o.s.b.d.a.OptionalLiveReloadServer - LiveReload server is running on port 35729
[2020-08-25 09:29:11.623] [cmiMock] [restartedMain] [] [INFO] o.s.b.a.e.web.EndpointLinksResolver - Exposing 2 endpoint(s) beneath base path '/actuator'
[2020-08-25 09:29:11.646] [cmiMock] [restartedMain] [] [INFO] o.a.coyote.http11.Http11NioProtocol - Starting ProtocolHandler ["http-nio-9000"]
[2020-08-25 09:29:11.650] [cmiMock] [restartedMain] [] [INFO] o.s.b.w.e.tomcat.TomcatWebServer - Tomcat started on port(s): 9000 (http) with context path ''
[2020-08-25 09:29:11.651] [cmiMock] [restartedMain] [] [INFO] o.s.d.r.c.DeferredRepositoryInitializationListener - Triggering deferred initialization of Spring Data repositories…
[2020-08-25 09:29:11.753] [cmiMock] [restartedMain] [] [INFO] o.s.d.r.c.DeferredRepositoryInitializationListener - Spring Data repositories initialized!
[2020-08-25 09:29:11.764] [cmiMock] [restartedMain] [] [INFO] e.r.p.CmiMockServiceApplication - Started CmiMockServiceApplication in 1.482 seconds (JVM running for 60.852)
[2020-08-25 09:29:11.769] [cmiMock] [restartedMain] [] [INFO] o.s.b.d.a.ConditionEvaluationDeltaLoggingListener - Condition evaluation unchanged
[2020-08-25 09:29:32.435] [cmiMock] [http-nio-9000-exec-1] [] [INFO] o.a.c.c.C.[Tomcat].[localhost].[/] - Initializing Spring DispatcherServlet 'dispatcherServlet'
[2020-08-25 09:29:32.436] [cmiMock] [http-nio-9000-exec-1] [] [INFO] o.s.web.servlet.DispatcherServlet - Initializing Servlet 'dispatcherServlet'
[2020-08-25 09:29:32.442] [cmiMock] [http-nio-9000-exec-1] [] [INFO] o.s.web.servlet.DispatcherServlet - Completed initialization in 6 ms
[2020-08-25 09:29:32.461] [cmiMock] [http-nio-9000-exec-1] [] [ERROR] e.r.p.u.e.GlobalExceptionHandler - CANAL INEXISTANT
effyis.rdv.payment.util.exception.DebtsException: CANAL INEXISTANT
	at effyis.rdv.payment.service.impl.DebtServiceImpl.getCanal(DebtServiceImpl.java:58)
	at effyis.rdv.payment.service.impl.DebtServiceImpl.getDebts(DebtServiceImpl.java:51)
	at effyis.rdv.payment.controller.DebtController.getDebts(DebtController.java:33)
	at java.base/jdk.internal.reflect.NativeMethodAccessorImpl.invoke0(Native Method)
	at java.base/jdk.internal.reflect.NativeMethodAccessorImpl.invoke(NativeMethodAccessorImpl.java:62)
	at java.base/jdk.internal.reflect.DelegatingMethodAccessorImpl.invoke(DelegatingMethodAccessorImpl.java:43)
	at java.base/java.lang.reflect.Method.invoke(Method.java:566)
	at org.springframework.web.method.support.InvocableHandlerMethod.doInvoke(InvocableHandlerMethod.java:190)
	at org.springframework.web.method.support.InvocableHandlerMethod.invokeForRequest(InvocableHandlerMethod.java:138)
	at org.springframework.web.servlet.mvc.method.annotation.ServletInvocableHandlerMethod.invokeAndHandle(ServletInvocableHandlerMethod.java:105)
	at org.springframework.web.servlet.mvc.method.annotation.RequestMappingHandlerAdapter.invokeHandlerMethod(RequestMappingHandlerAdapter.java:878)
	at org.springframework.web.servlet.mvc.method.annotation.RequestMappingHandlerAdapter.handleInternal(RequestMappingHandlerAdapter.java:792)
	at org.springframework.web.servlet.mvc.method.AbstractHandlerMethodAdapter.handle(AbstractHandlerMethodAdapter.java:87)
	at org.springframework.web.servlet.DispatcherServlet.doDispatch(DispatcherServlet.java:1040)
	at org.springframework.web.servlet.DispatcherServlet.doService(DispatcherServlet.java:943)
	at org.springframework.web.servlet.FrameworkServlet.processRequest(FrameworkServlet.java:1006)
	at org.springframework.web.servlet.FrameworkServlet.doGet(FrameworkServlet.java:898)
	at javax.servlet.http.HttpServlet.service(HttpServlet.java:626)
	at org.springframework.web.servlet.FrameworkServlet.service(FrameworkServlet.java:883)
	at javax.servlet.http.HttpServlet.service(HttpServlet.java:733)
	at org.apache.catalina.core.ApplicationFilterChain.internalDoFilter(ApplicationFilterChain.java:231)
	at org.apache.catalina.core.ApplicationFilterChain.doFilter(ApplicationFilterChain.java:166)
	at org.apache.tomcat.websocket.server.WsFilter.doFilter(WsFilter.java:53)
	at org.apache.catalina.core.ApplicationFilterChain.internalDoFilter(ApplicationFilterChain.java:193)
	at org.apache.catalina.core.ApplicationFilterChain.doFilter(ApplicationFilterChain.java:166)
	at org.springframework.web.filter.RequestContextFilter.doFilterInternal(RequestContextFilter.java:100)
	at org.springframework.web.filter.OncePerRequestFilter.doFilter(OncePerRequestFilter.java:119)
	at org.apache.catalina.core.ApplicationFilterChain.internalDoFilter(ApplicationFilterChain.java:193)
	at org.apache.catalina.core.ApplicationFilterChain.doFilter(ApplicationFilterChain.java:166)
	at org.springframework.web.filter.FormContentFilter.doFilterInternal(FormContentFilter.java:93)
	at org.springframework.web.filter.OncePerRequestFilter.doFilter(OncePerRequestFilter.java:119)
	at org.apache.catalina.core.ApplicationFilterChain.internalDoFilter(ApplicationFilterChain.java:193)
	at org.apache.catalina.core.ApplicationFilterChain.doFilter(ApplicationFilterChain.java:166)
	at org.springframework.boot.actuate.metrics.web.servlet.WebMvcMetricsFilter.doFilterInternal(WebMvcMetricsFilter.java:93)
	at org.springframework.web.filter.OncePerRequestFilter.doFilter(OncePerRequestFilter.java:119)
	at org.apache.catalina.core.ApplicationFilterChain.internalDoFilter(ApplicationFilterChain.java:193)
	at org.apache.catalina.core.ApplicationFilterChain.doFilter(ApplicationFilterChain.java:166)
	at org.springframework.web.filter.CharacterEncodingFilter.doFilterInternal(CharacterEncodingFilter.java:201)
	at org.springframework.web.filter.OncePerRequestFilter.doFilter(OncePerRequestFilter.java:119)
	at org.apache.catalina.core.ApplicationFilterChain.internalDoFilter(ApplicationFilterChain.java:193)
	at org.apache.catalina.core.ApplicationFilterChain.doFilter(ApplicationFilterChain.java:166)
	at org.apache.catalina.core.StandardWrapperValve.invoke(StandardWrapperValve.java:202)
	at org.apache.catalina.core.StandardContextValve.invoke(StandardContextValve.java:96)
	at org.apache.catalina.authenticator.AuthenticatorBase.invoke(AuthenticatorBase.java:541)
	at org.apache.catalina.core.StandardHostValve.invoke(StandardHostValve.java:139)
	at org.apache.catalina.valves.ErrorReportValve.invoke(ErrorReportValve.java:92)
	at org.apache.catalina.core.StandardEngineValve.invoke(StandardEngineValve.java:74)
	at org.apache.catalina.connector.CoyoteAdapter.service(CoyoteAdapter.java:343)
	at org.apache.coyote.http11.Http11Processor.service(Http11Processor.java:373)
	at org.apache.coyote.AbstractProcessorLight.process(AbstractProcessorLight.java:65)
	at org.apache.coyote.AbstractProtocol$ConnectionHandler.process(AbstractProtocol.java:868)
	at org.apache.tomcat.util.net.NioEndpoint$SocketProcessor.doRun(NioEndpoint.java:1589)
	at org.apache.tomcat.util.net.SocketProcessorBase.run(SocketProcessorBase.java:49)
	at java.base/java.util.concurrent.ThreadPoolExecutor.runWorker(ThreadPoolExecutor.java:1128)
	at java.base/java.util.concurrent.ThreadPoolExecutor$Worker.run(ThreadPoolExecutor.java:628)
	at org.apache.tomcat.util.threads.TaskThread$WrappingRunnable.run(TaskThread.java:61)
	at java.base/java.lang.Thread.run(Thread.java:834)
[2020-08-25 09:29:32.470] [cmiMock] [http-nio-9000-exec-1] [] [WARN] o.s.w.s.m.m.a.ExceptionHandlerExceptionResolver - Resolved [effyis.rdv.payment.util.exception.DebtsException: CANAL INEXISTANT]
[2020-08-25 09:30:10.775] [cmiMock] [RMI TCP Connection(2)-127.0.0.1] [] [INFO] o.s.b.a.SpringApplicationAdminMXBeanRegistrar$SpringApplicationAdmin - Application shutdown requested.
[2020-08-25 09:30:11.158] [cmiMock] [RMI TCP Connection(2)-127.0.0.1] [] [INFO] o.s.o.j.LocalContainerEntityManagerFactoryBean - Closing JPA EntityManagerFactory for persistence unit 'default'
[2020-08-25 09:30:11.159] [cmiMock] [RMI TCP Connection(2)-127.0.0.1] [] [INFO] o.s.s.c.ThreadPoolTaskExecutor - Shutting down ExecutorService 'applicationTaskExecutor'
[2020-08-25 09:30:11.160] [cmiMock] [RMI TCP Connection(2)-127.0.0.1] [] [INFO] com.zaxxer.hikari.HikariDataSource - HikariPool-2 - Shutdown initiated...
[2020-08-25 09:30:11.172] [cmiMock] [RMI TCP Connection(2)-127.0.0.1] [] [INFO] com.zaxxer.hikari.HikariDataSource - HikariPool-2 - Shutdown completed.
[2020-08-25 09:30:20.319] [cmiMock] [restartedMain] [] [INFO] e.r.p.CmiMockServiceApplication - Starting CmiMockServiceApplication on Bolt with PID 15120 (C:\Users\user\eclipse-workspace\CMIMock\target\classes started by EL KOTB ZAKARIA in C:\Users\user\eclipse-workspace\CMIMock)
[2020-08-25 09:30:20.322] [cmiMock] [restartedMain] [] [DEBUG] e.r.p.CmiMockServiceApplication - Running with Spring Boot v2.3.2.RELEASE, Spring v5.2.8.RELEASE
[2020-08-25 09:30:20.323] [cmiMock] [restartedMain] [] [INFO] e.r.p.CmiMockServiceApplication - No active profile set, falling back to default profiles: default
[2020-08-25 09:30:20.397] [cmiMock] [restartedMain] [] [INFO] o.s.b.d.e.DevToolsPropertyDefaultsPostProcessor - Devtools property defaults active! Set 'spring.devtools.add-properties' to 'false' to disable
[2020-08-25 09:30:20.397] [cmiMock] [restartedMain] [] [INFO] o.s.b.d.e.DevToolsPropertyDefaultsPostProcessor - For additional web related logging consider setting the 'logging.level.web' property to 'DEBUG'
[2020-08-25 09:30:21.699] [cmiMock] [restartedMain] [] [INFO] o.s.d.r.c.RepositoryConfigurationDelegate - Bootstrapping Spring Data JPA repositories in DEFERRED mode.
[2020-08-25 09:30:21.848] [cmiMock] [restartedMain] [] [INFO] o.s.d.r.c.RepositoryConfigurationDelegate - Finished Spring Data repository scanning in 135ms. Found 2 JPA repository interfaces.
[2020-08-25 09:30:22.740] [cmiMock] [restartedMain] [] [INFO] o.s.b.w.e.tomcat.TomcatWebServer - Tomcat initialized with port(s): 9000 (http)
[2020-08-25 09:30:22.749] [cmiMock] [restartedMain] [] [INFO] o.a.coyote.http11.Http11NioProtocol - Initializing ProtocolHandler ["http-nio-9000"]
[2020-08-25 09:30:22.750] [cmiMock] [restartedMain] [] [INFO] o.a.catalina.core.StandardService - Starting service [Tomcat]
[2020-08-25 09:30:22.750] [cmiMock] [restartedMain] [] [INFO] o.a.catalina.core.StandardEngine - Starting Servlet engine: [Apache Tomcat/9.0.37]
[2020-08-25 09:30:22.864] [cmiMock] [restartedMain] [] [INFO] o.a.c.c.C.[Tomcat].[localhost].[/] - Initializing Spring embedded WebApplicationContext
[2020-08-25 09:30:22.864] [cmiMock] [restartedMain] [] [INFO] o.s.b.w.s.c.ServletWebServerApplicationContext - Root WebApplicationContext: initialization completed in 2467 ms
[2020-08-25 09:30:23.002] [cmiMock] [restartedMain] [] [INFO] com.zaxxer.hikari.HikariDataSource - HikariPool-1 - Starting...
[2020-08-25 09:30:23.168] [cmiMock] [restartedMain] [] [INFO] com.zaxxer.hikari.HikariDataSource - HikariPool-1 - Start completed.
[2020-08-25 09:30:23.177] [cmiMock] [restartedMain] [] [INFO] o.s.b.a.h.H2ConsoleAutoConfiguration - H2 console available at '/h2-console'. Database available at 'jdbc:postgresql://localhost:5432/cmi'
[2020-08-25 09:30:23.397] [cmiMock] [restartedMain] [] [INFO] o.s.s.c.ThreadPoolTaskExecutor - Initializing ExecutorService 'applicationTaskExecutor'
[2020-08-25 09:30:23.473] [cmiMock] [task-1] [] [INFO] o.h.jpa.internal.util.LogHelper - HHH000204: Processing PersistenceUnitInfo [name: default]
[2020-08-25 09:30:23.556] [cmiMock] [task-1] [] [INFO] org.hibernate.Version - HHH000412: Hibernate ORM core version 5.4.18.Final
[2020-08-25 09:30:23.560] [cmiMock] [restartedMain] [] [WARN] o.s.b.a.o.j.JpaBaseConfiguration$JpaWebConfiguration - spring.jpa.open-in-view is enabled by default. Therefore, database queries may be performed during view rendering. Explicitly configure spring.jpa.open-in-view to disable this warning
[2020-08-25 09:30:23.741] [cmiMock] [task-1] [] [INFO] o.h.annotations.common.Version - HCANN000001: Hibernate Commons Annotations {5.1.0.Final}
[2020-08-25 09:30:23.927] [cmiMock] [task-1] [] [INFO] org.hibernate.dialect.Dialect - HHH000400: Using dialect: org.hibernate.dialect.PostgreSQLDialect
[2020-08-25 09:30:24.830] [cmiMock] [task-1] [] [INFO] o.h.t.s.internal.SchemaCreatorImpl - HHH000476: Executing import script 'file:/C:/Users/user/eclipse-workspace/CMIMock/target/classes/import.sql'
[2020-08-25 09:30:24.868] [cmiMock] [task-1] [] [INFO] o.h.e.t.j.p.i.JtaPlatformInitiator - HHH000490: Using JtaPlatform implementation: [org.hibernate.engine.transaction.jta.platform.internal.NoJtaPlatform]
[2020-08-25 09:30:24.876] [cmiMock] [task-1] [] [INFO] o.s.o.j.LocalContainerEntityManagerFactoryBean - Initialized JPA EntityManagerFactory for persistence unit 'default'
[2020-08-25 09:30:24.898] [cmiMock] [task-2] [] [INFO] o.s.b.d.a.OptionalLiveReloadServer - LiveReload server is running on port 35729
[2020-08-25 09:30:24.976] [cmiMock] [restartedMain] [] [INFO] o.s.b.a.e.web.EndpointLinksResolver - Exposing 2 endpoint(s) beneath base path '/actuator'
[2020-08-25 09:30:25.007] [cmiMock] [restartedMain] [] [INFO] o.a.coyote.http11.Http11NioProtocol - Starting ProtocolHandler ["http-nio-9000"]
[2020-08-25 09:30:25.032] [cmiMock] [restartedMain] [] [INFO] o.s.b.w.e.tomcat.TomcatWebServer - Tomcat started on port(s): 9000 (http) with context path ''
[2020-08-25 09:30:25.033] [cmiMock] [restartedMain] [] [INFO] o.s.d.r.c.DeferredRepositoryInitializationListener - Triggering deferred initialization of Spring Data repositories…
[2020-08-25 09:30:25.332] [cmiMock] [restartedMain] [] [INFO] o.s.d.r.c.DeferredRepositoryInitializationListener - Spring Data repositories initialized!
[2020-08-25 09:30:25.351] [cmiMock] [restartedMain] [] [INFO] e.r.p.CmiMockServiceApplication - Started CmiMockServiceApplication in 5.759 seconds (JVM running for 7.885)
[2020-08-25 09:31:32.418] [cmiMock] [http-nio-9000-exec-2] [] [INFO] o.a.c.c.C.[Tomcat].[localhost].[/] - Initializing Spring DispatcherServlet 'dispatcherServlet'
[2020-08-25 09:31:32.419] [cmiMock] [http-nio-9000-exec-2] [] [INFO] o.s.web.servlet.DispatcherServlet - Initializing Servlet 'dispatcherServlet'
[2020-08-25 09:31:32.430] [cmiMock] [http-nio-9000-exec-2] [] [INFO] o.s.web.servlet.DispatcherServlet - Completed initialization in 11 ms
[2020-08-25 09:31:38.434] [cmiMock] [RMI TCP Connection(2)-127.0.0.1] [] [INFO] o.s.b.a.SpringApplicationAdminMXBeanRegistrar$SpringApplicationAdmin - Application shutdown requested.
[2020-08-25 09:31:38.891] [cmiMock] [RMI TCP Connection(2)-127.0.0.1] [] [INFO] o.s.o.j.LocalContainerEntityManagerFactoryBean - Closing JPA EntityManagerFactory for persistence unit 'default'
[2020-08-25 09:31:38.893] [cmiMock] [RMI TCP Connection(2)-127.0.0.1] [] [INFO] o.s.s.c.ThreadPoolTaskExecutor - Shutting down ExecutorService 'applicationTaskExecutor'
[2020-08-25 09:31:38.895] [cmiMock] [RMI TCP Connection(2)-127.0.0.1] [] [INFO] com.zaxxer.hikari.HikariDataSource - HikariPool-1 - Shutdown initiated...
[2020-08-25 09:31:38.903] [cmiMock] [RMI TCP Connection(2)-127.0.0.1] [] [INFO] com.zaxxer.hikari.HikariDataSource - HikariPool-1 - Shutdown completed.
